0 info it worked if it ends with ok
1 verbose cli [ 'C:\\Program Files\\nodejs\\node.exe',
1 verbose cli   'C:\\Users\\sergey\\AppData\\Roaming\\npm\\node_modules\\npm\\bin\\npm-cli.js',
1 verbose cli   'run',
1 verbose cli   'lite' ]
2 info using npm@3.10.7
3 info using node@v7.10.0
4 verbose run-script [ 'prelite', 'lite', 'postlite' ]
5 info lifecycle helloapp@1.0.0~prelite: helloapp@1.0.0
6 silly lifecycle helloapp@1.0.0~prelite: no script for prelite, continuing
7 info lifecycle helloapp@1.0.0~lite: helloapp@1.0.0
8 verbose lifecycle helloapp@1.0.0~lite: unsafe-perm in lifecycle true
9 verbose lifecycle helloapp@1.0.0~lite: PATH: C:\Users\sergey\AppData\Roaming\npm\node_modules\npm\bin\node-gyp-bin;C:\angular\helloapp\node_modules\.bin;C:\Users\sergey\AppData\Roaming\npm\node_modules\npm\bin\node-gyp-bin;C:\angular\helloapp\node_modules\.bin;C:\Users\sergey\bin;C:\Program Files\Git\mingw64\bin;C:\Program Files\Git\usr\local\bin;C:\Program Files\Git\usr\bin;C:\Program Files\Git\usr\bin;C:\Program Files\Git\mingw64\bin;C:\Program Files\Git\usr\bin;C:\Users\sergey\bin;C:\ProgramData\Oracle\Java\javapath;C:\Program Files (x86)\Intel\iCLS Client;C:\Program Files\Intel\iCLS Client;C:\Windows\system32;C:\Windows;C:\Windows\System32\Wbem;C:\Windows\System32\WindowsPowerShell\v1.0;C:\Program Files (x86)\NVIDIA Corporation\PhysX\Common;C:\Program Files (x86)\Intel\Intel(R) Management Engine Components\DAL;C:\Program Files\Intel\Intel(R) Management Engine Components\DAL;C:\Program Files (x86)\Intel\Intel(R) Management Engine Components\IPT;C:\Program Files\Intel\Intel(R) Management Engine Components\IPT;C:\WINDOWS\system32;C:\WINDOWS;C:\WINDOWS\System32\Wbem;C:\WINDOWS\System32\WindowsPowerShell\v1.0;C:\WINDOWS\system32\config\systemprofile\.dnx\bin;C:\Program Files\Microsoft DNX\Dnvm;C:\Program Files\Microsoft SQL Server\130\Tools\Binn;C:\Program Files (x86)\Windows Kits\8.1\Windows Performance Toolkit;C:\Program Files (x86)\GtkSharp\2.12\bin;C:\Program Files (x86)\Subversion\bin;C:\Program Files\TortoiseSVN\bin;C:\xampp\php;C:\ProgramData\ComposerSetup\bin;C:\Program Files (x86)\Skype\Phone;C:\Program Files\Intel\WiFi\bin;C:\Program Files\Common Files\Intel\WirelessCommon;C:\Program Files\nodejs;C:\Users\sergey\Anaconda2;C:\Users\sergey\Anaconda2\Scripts;C:\Users\sergey\Anaconda2\Library\bin;C:\Program Files (x86)\Microsoft VS Code\bin;C:\Users\sergey\AppData\Local\Microsoft\WindowsApps;C:\Program Files\Intel\WiFi\bin;C:\Program Files\Common Files\Intel\WirelessCommon;C:\Users\sergey\AppData\Roaming\Composer\vendor\bin;C:\Users\sergey\AppData\Roaming\npm;C:\Program Files\Git\usr\bin\vendor_perl;C:\Program Files\Git\usr\bin\core_perl
10 verbose lifecycle helloapp@1.0.0~lite: CWD: C:\angular\helloapp
11 silly lifecycle helloapp@1.0.0~lite: Args: [ '/d /s /c', 'lite-server' ]
12 silly lifecycle helloapp@1.0.0~lite: Returned: code: 1  signal: null
13 info lifecycle helloapp@1.0.0~lite: Failed to exec lite script
14 verbose stack Error: helloapp@1.0.0 lite: `lite-server`
14 verbose stack Exit status 1
14 verbose stack     at EventEmitter.<anonymous> (C:\Users\sergey\AppData\Roaming\npm\node_modules\npm\lib\utils\lifecycle.js:255:16)
14 verbose stack     at emitTwo (events.js:106:13)
14 verbose stack     at EventEmitter.emit (events.js:194:7)
14 verbose stack     at ChildProcess.<anonymous> (C:\Users\sergey\AppData\Roaming\npm\node_modules\npm\lib\utils\spawn.js:40:14)
14 verbose stack     at emitTwo (events.js:106:13)
14 verbose stack     at ChildProcess.emit (events.js:194:7)
14 verbose stack     at maybeClose (internal/child_process.js:899:16)
14 verbose stack     at Process.ChildProcess._handle.onexit (internal/child_process.js:226:5)
15 verbose pkgid helloapp@1.0.0
16 verbose cwd C:\angular\helloapp
17 error Windows_NT 10.0.15063
18 error argv "C:\\Program Files\\nodejs\\node.exe" "C:\\Users\\sergey\\AppData\\Roaming\\npm\\node_modules\\npm\\bin\\npm-cli.js" "run" "lite"
19 error node v7.10.0
20 error npm  v3.10.7
21 error code ELIFECYCLE
22 error helloapp@1.0.0 lite: `lite-server`
22 error Exit status 1
23 error Failed at the helloapp@1.0.0 lite script 'lite-server'.
23 error Make sure you have the latest version of node.js and npm installed.
23 error If you do, this is most likely a problem with the helloapp package,
23 error not with npm itself.
23 error Tell the author that this fails on your system:
23 error     lite-server
23 error You can get information on how to open an issue for this project with:
23 error     npm bugs helloapp
23 error Or if that isn't available, you can get their info via:
23 error     npm owner ls helloapp
23 error There is likely additional logging output above.
24 verbose exit [ 1, true ]
